<?xml version="1.0" encoding="UTF-8"?>
<!-- Generated by org.testng.reporters.JUnitReportReporter -->
<testsuite hostname="WIN-1ECEEGQU3IH" failures="0" tests="1" name="testClasses.ManageProductPageTestClass" time="3.625" errors="0" timestamp="2024-12-17T12:16:35 IST" skipped="0">
  <testcase classname="testClasses.ManageProductPageTestClass" name="verifyTheTitleTextboxIsEmptyByDefault" time="3.625"/>
</testsuite> <!-- testClasses.ManageProductPageTestClass -->
