<?xml version="1.0" encoding="UTF-8"?>
<!-- Generated by org.testng.reporters.JUnitReportReporter -->
<testsuite hostname="WIN-1ECEEGQU3IH" failures="0" tests="8" name="testClasses.LoginPageTestClass" time="13.659" errors="0" timestamp="2024-12-17T12:13:11 IST" skipped="0">
  <testcase classname="testClasses.LoginPageTestClass" name="verifyTheUrlOpensCorrectPageOrNot" time="1.463"/>
  <testcase classname="testClasses.LoginPageTestClass" name="verify7rmartsupermarketHeadingDisplayedOrNotLoginPage" time="1.593"/>
  <testcase classname="testClasses.LoginPageTestClass" name="verifyUnsuccessfulLogin" time="1.820"/>
  <testcase classname="testClasses.LoginPageTestClass" name="verifyUnsuccessfulLogin" time="1.742"/>
  <testcase classname="testClasses.LoginPageTestClass" name="verifyUnsuccessfulLogin" time="1.740"/>
  <testcase classname="testClasses.LoginPageTestClass" name="verifyTheRememberMeCheckboxSelectedOrNotByDefault" time="1.448"/>
  <testcase classname="testClasses.LoginPageTestClass" name="verifyTheRememberMeCheckboxSelectedOrNotAfterSelecting" time="1.525"/>
  <testcase classname="testClasses.LoginPageTestClass" name="verifySuccessfulLogin" time="2.328"/>
</testsuite> <!-- testClasses.LoginPageTestClass -->
