<?xml version="1.0" encoding="UTF-8"?>
<!-- Generated by org.testng.reporters.JUnitReportReporter -->
<testsuite hostname="WIN-1ECEEGQU3IH" failures="0" tests="2" name="testClasses.CategoryPageTestClass" time="4.884" errors="0" timestamp="2024-12-17T12:13:11 IST" skipped="0">
  <testcase classname="testClasses.CategoryPageTestClass" name="verifyCategorypageisopenwhileclickingoncategory" time="2.297"/>
  <testcase classname="testClasses.CategoryPageTestClass" name="verifySearchCategory" time="2.587"/>
</testsuite> <!-- testClasses.CategoryPageTestClass -->
