<?xml version="1.0" encoding="UTF-8"?>
<!-- Generated by org.testng.reporters.JUnitReportReporter -->
<testsuite hostname="WIN-1ECEEGQU3IH" failures="0" tests="3" name="testClasses.HomePageTestClass" time="6.385" errors="0" timestamp="2024-12-17T12:13:11 IST" skipped="0">
  <testcase classname="testClasses.HomePageTestClass" name="verifyTheCountOfAllTilesDisplayedOnHomePage" time="1.956"/>
  <testcase classname="testClasses.HomePageTestClass" name="verifyAllTilesDisplayedOrNotOnHomePage" time="2.155"/>
  <testcase classname="testClasses.HomePageTestClass" name="verifyLogout" time="2.274"/>
</testsuite> <!-- testClasses.HomePageTestClass -->
